{
  "stats": {
    "suites": 1,
    "tests": 5,
    "passes": 5,
    "pending": 0,
    "failures": 0,
    "start": "2022-09-30T08:03:55.739Z",
    "end": "2022-09-30T08:04:49.403Z",
    "duration": 53664,
    "testsRegistered": 5,
    "passPercent": 100,
    "pendingPercent": 0,
    "other": 0,
    "hasOther": false,
    "skipped": 0,
    "hasSkipped": false
  },
  "results": [
    {
      "uuid": "6ccfbb15-7986-4a13-af42-703b37f2df46",
      "title": "",
      "fullFile": "cypress\\e2e\\History.cy.js",
      "file": "cypress\\e2e\\History.cy.js",
      "beforeHooks": [],
      "afterHooks": [],
      "tests": [],
      "suites": [
        {
          "uuid": "9642fc08-5018-4e86-b75e-3bedb7bb509f",
          "title": "History Actions",
          "fullFile": "",
          "file": "",
          "beforeHooks": [],
          "afterHooks": [],
          "tests": [
            {
              "title": "Verify Breadcrumb",
              "fullTitle": "History Actions Verify Breadcrumb",
              "timedOut": null,
              "duration": 29130,
              "state": "passed",
              "speed": "slow",
              "pass": true,
              "fail": false,
              "pending": false,
              "context": null,
              "code": "historypageobj.click_history();\nhistorypageobj.check_breadcrumb();",
              "err": {},
              "uuid": "f5e3371a-3432-4551-b011-9e397d5cca3b",
              "parentUUID": "9642fc08-5018-4e86-b75e-3bedb7bb509f",
              "isHook": false,
              "skipped": false
            },
            {
              "title": "Verify Table headers",
              "fullTitle": "History Actions Verify Table headers",
              "timedOut": null,
              "duration": 3055,
              "state": "passed",
              "speed": "fast",
              "pass": true,
              "fail": false,
              "pending": false,
              "context": null,
              "code": "historypageobj.click_history();\nhistorypageobj.verify_table_headers();",
              "err": {},
              "uuid": "c0e6c31c-d2d8-4e76-b4ff-3f160a721e5b",
              "parentUUID": "9642fc08-5018-4e86-b75e-3bedb7bb509f",
              "isHook": false,
              "skipped": false
            },
            {
              "title": "automate type filter",
              "fullTitle": "History Actions automate type filter",
              "timedOut": null,
              "duration": 8636,
              "state": "passed",
              "speed": "medium",
              "pass": true,
              "fail": false,
              "pending": false,
              "context": null,
              "code": "historypageobj.click_history();\nhistorypageobj.automate_type_filter_buy();\nhistorypageobj.automate_type_filter_sell();\nhistorypageobj.automate_type_filter_send();",
              "err": {},
              "uuid": "6d15f7f6-f83c-4800-892f-c84067e7a189",
              "parentUUID": "9642fc08-5018-4e86-b75e-3bedb7bb509f",
              "isHook": false,
              "skipped": false
            },
            {
              "title": "automate status filter",
              "fullTitle": "History Actions automate status filter",
              "timedOut": null,
              "duration": 8055,
              "state": "passed",
              "speed": "medium",
              "pass": true,
              "fail": false,
              "pending": false,
              "context": null,
              "code": "historypageobj.click_history();\nhistorypageobj.automate_status_completed();\nhistorypageobj.automate_status_cancelled();\nhistorypageobj.automate_status_failed();",
              "err": {},
              "uuid": "24e5235e-26e0-457b-89b6-4070566d8e2c",
              "parentUUID": "9642fc08-5018-4e86-b75e-3bedb7bb509f",
              "isHook": false,
              "skipped": false
            },
            {
              "title": "automate date filter",
              "fullTitle": "History Actions automate date filter",
              "timedOut": null,
              "duration": 3883,
              "state": "passed",
              "speed": "fast",
              "pass": true,
              "fail": false,
              "pending": false,
              "context": null,
              "code": "historypageobj.click_history();\nhistorypageobj.select_date_from_to();\ncy.wait(500);\nhistorypageobj.find_transaction_between_dates();",
              "err": {},
              "uuid": "75f9ef63-13d3-41bd-8fc6-13e54d6897aa",
              "parentUUID": "9642fc08-5018-4e86-b75e-3bedb7bb509f",
              "isHook": false,
              "skipped": false
            }
          ],
          "suites": [],
          "passes": [
            "f5e3371a-3432-4551-b011-9e397d5cca3b",
            "c0e6c31c-d2d8-4e76-b4ff-3f160a721e5b",
            "6d15f7f6-f83c-4800-892f-c84067e7a189",
            "24e5235e-26e0-457b-89b6-4070566d8e2c",
            "75f9ef63-13d3-41bd-8fc6-13e54d6897aa"
          ],
          "failures": [],
          "pending": [],
          "skipped": [],
          "duration": 52759,
          "root": false,
          "rootEmpty": false,
          "_timeout": 2000
        }
      ],
      "passes": [],
      "failures": [],
      "pending": [],
      "skipped": [],
      "duration": 0,
      "root": true,
      "rootEmpty": true,
      "_timeout": 2000
    }
  ],
  "meta": {
    "mocha": {
      "version": "7.0.1"
    },
    "mochawesome": {
      "options": {
        "quiet": false,
        "reportFilename": "mochawesome",
        "saveHtml": true,
        "saveJson": true,
        "consoleReporter": "spec",
        "useInlineDiffs": false,
        "code": true
      },
      "version": "7.1.3"
    },
    "marge": {
      "options": {
        "id": "default",
        "reportDir": "cypress/reports/mocha",
        "quite": true,
        "overwrite": true,
        "html": true,
        "json": true
      },
      "version": "6.2.0"
    }
  }
}