{
  "stats": {
    "suites": 1,
    "tests": 3,
    "passes": 3,
    "pending": 0,
    "failures": 0,
    "start": "2022-09-30T08:46:04.053Z",
    "end": "2022-09-30T08:46:32.682Z",
    "duration": 28629,
    "testsRegistered": 3,
    "passPercent": 100,
    "pendingPercent": 0,
    "other": 0,
    "hasOther": false,
    "skipped": 0,
    "hasSkipped": false
  },
  "results": [
    {
      "uuid": "212bbee3-3107-4a99-92d7-2cbda4406dc3",
      "title": "",
      "fullFile": "cypress\\e2e\\Wiretransfer.cy.js",
      "file": "cypress\\e2e\\Wiretransfer.cy.js",
      "beforeHooks": [],
      "afterHooks": [],
      "tests": [],
      "suites": [
        {
          "uuid": "208ad518-0e73-4b85-96c1-c2e29ce39ebf",
          "title": "Wiretransfer Actions",
          "fullFile": "",
          "file": "",
          "beforeHooks": [],
          "afterHooks": [],
          "tests": [
            {
              "title": "Verify Breadcrumb",
              "fullTitle": "Wiretransfer Actions Verify Breadcrumb",
              "timedOut": null,
              "duration": 12743,
              "state": "passed",
              "speed": "slow",
              "pass": true,
              "fail": false,
              "pending": false,
              "context": null,
              "code": "profilepageobj.click_account_settings();\nwiretransfobj.click_wire_transfer();\nwiretransfobj.check_breadcrumb();",
              "err": {},
              "uuid": "df5775df-d538-4c9b-ad1c-66f3979d5d42",
              "parentUUID": "208ad518-0e73-4b85-96c1-c2e29ce39ebf",
              "isHook": false,
              "skipped": false
            },
            {
              "title": "Update wiretransfer details and verify ui with api",
              "fullTitle": "Wiretransfer Actions Update wiretransfer details and verify ui with api",
              "timedOut": null,
              "duration": 8832,
              "state": "passed",
              "speed": "medium",
              "pass": true,
              "fail": false,
              "pending": false,
              "context": null,
              "code": "profilepageobj.click_account_settings();\nwiretransfobj.click_wire_transfer();\nwiretransfobj.update_wire_transfer(); //only types new values in the input field\nwiretransfobj.click_update_and_verify_toast(); //clicks update button ,verifies toast message,verifies updated data withapi\nwiretransfobj.verify_inputfields_after_update(); //verifies with the input fields",
              "err": {},
              "uuid": "d2554776-740c-40ad-8641-69b00e786234",
              "parentUUID": "208ad518-0e73-4b85-96c1-c2e29ce39ebf",
              "isHook": false,
              "skipped": false
            },
            {
              "title": "Verify empty input fields",
              "fullTitle": "Wiretransfer Actions Verify empty input fields",
              "timedOut": null,
              "duration": 6679,
              "state": "passed",
              "speed": "medium",
              "pass": true,
              "fail": false,
              "pending": false,
              "context": null,
              "code": "profilepageobj.click_account_settings();\nwiretransfobj.click_wire_transfer();\nwiretransfobj.clear_input_fields(); //clear all input fields of wiretransferpage\nwiretransfobj.verify_empty_input_fields();",
              "err": {},
              "uuid": "ecfb1663-984e-4c61-a9c0-21277e178947",
              "parentUUID": "208ad518-0e73-4b85-96c1-c2e29ce39ebf",
              "isHook": false,
              "skipped": false
            }
          ],
          "suites": [],
          "passes": [
            "df5775df-d538-4c9b-ad1c-66f3979d5d42",
            "d2554776-740c-40ad-8641-69b00e786234",
            "ecfb1663-984e-4c61-a9c0-21277e178947"
          ],
          "failures": [],
          "pending": [],
          "skipped": [],
          "duration": 28254,
          "root": false,
          "rootEmpty": false,
          "_timeout": 2000
        }
      ],
      "passes": [],
      "failures": [],
      "pending": [],
      "skipped": [],
      "duration": 0,
      "root": true,
      "rootEmpty": true,
      "_timeout": 2000
    }
  ],
  "meta": {
    "mocha": {
      "version": "7.0.1"
    },
    "mochawesome": {
      "options": {
        "quiet": false,
        "reportFilename": "mochawesome",
        "saveHtml": true,
        "saveJson": true,
        "consoleReporter": "spec",
        "useInlineDiffs": false,
        "code": true
      },
      "version": "7.1.3"
    },
    "marge": {
      "options": {
        "id": "default",
        "reportDir": "cypress/reports/mocha",
        "quite": true,
        "overwrite": true,
        "html": true,
        "json": true
      },
      "version": "6.2.0"
    }
  }
}