{
  "stats": {
    "suites": 1,
    "tests": 1,
    "passes": 1,
    "pending": 0,
    "failures": 0,
    "start": "2022-08-23T07:59:42.196Z",
    "end": "2022-08-23T08:00:14.772Z",
    "duration": 32576,
    "testsRegistered": 1,
    "passPercent": 100,
    "pendingPercent": 0,
    "other": 0,
    "hasOther": false,
    "skipped": 0,
    "hasSkipped": false
  },
  "results": [
    {
      "uuid": "369a84d8-d3a6-463f-a0a5-a0b9f315c7c9",
      "title": "",
      "fullFile": "cypress\\e2e\\filldetails.cy.js",
      "file": "cypress\\e2e\\filldetails.cy.js",
      "beforeHooks": [],
      "afterHooks": [],
      "tests": [],
      "suites": [
        {
          "uuid": "5f31772d-ed2d-43d5-b97b-b485ee07eb46",
          "title": "Enter details",
          "fullFile": "",
          "file": "",
          "beforeHooks": [],
          "afterHooks": [],
          "tests": [
            {
              "title": "Fill details",
              "fullTitle": "Enter details Fill details",
              "timedOut": null,
              "duration": 26784,
              "state": "passed",
              "speed": "slow",
              "pass": true,
              "fail": false,
              "pending": false,
              "context": null,
              "code": "(0, _productpageobj.filldetails)();",
              "err": {},
              "uuid": "ed6aacc4-cc3f-4841-a209-86dad07df678",
              "parentUUID": "5f31772d-ed2d-43d5-b97b-b485ee07eb46",
              "isHook": false,
              "skipped": false
            }
          ],
          "suites": [],
          "passes": [
            "ed6aacc4-cc3f-4841-a209-86dad07df678"
          ],
          "failures": [],
          "pending": [],
          "skipped": [],
          "duration": 26784,
          "root": false,
          "rootEmpty": false,
          "_timeout": 2000
        }
      ],
      "passes": [],
      "failures": [],
      "pending": [],
      "skipped": [],
      "duration": 0,
      "root": true,
      "rootEmpty": true,
      "_timeout": 2000
    }
  ],
  "meta": {
    "mocha": {
      "version": "7.0.1"
    },
    "mochawesome": {
      "options": {
        "quiet": false,
        "reportFilename": "mochawesome",
        "saveHtml": true,
        "saveJson": true,
        "consoleReporter": "spec",
        "useInlineDiffs": false,
        "code": true
      },
      "version": "7.1.3"
    },
    "marge": {
      "options": {
        "id": "default",
        "reportDir": "cypress/reports/mocha",
        "quite": true,
        "overwrite": false,
        "html": true,
        "json": true
      },
      "version": "6.2.0"
    }
  }
}