{
  "stats": {
    "suites": 1,
    "tests": 1,
    "passes": 1,
    "pending": 0,
    "failures": 0,
    "start": "2022-08-23T08:02:55.308Z",
    "end": "2022-08-23T08:03:23.768Z",
    "duration": 28460,
    "testsRegistered": 1,
    "passPercent": 100,
    "pendingPercent": 0,
    "other": 0,
    "hasOther": false,
    "skipped": 0,
    "hasSkipped": false
  },
  "results": [
    {
      "uuid": "1f2782be-5448-497c-aaf0-b20d58fd6c7c",
      "title": "",
      "fullFile": "cypress\\e2e\\filldetails.cy.js",
      "file": "cypress\\e2e\\filldetails.cy.js",
      "beforeHooks": [],
      "afterHooks": [],
      "tests": [],
      "suites": [
        {
          "uuid": "afb7b319-0d93-4624-8d14-fae789a4d848",
          "title": "Enter details",
          "fullFile": "",
          "file": "",
          "beforeHooks": [],
          "afterHooks": [],
          "tests": [
            {
              "title": "Fill details",
              "fullTitle": "Enter details Fill details",
              "timedOut": null,
              "duration": 22313,
              "state": "passed",
              "speed": "slow",
              "pass": true,
              "fail": false,
              "pending": false,
              "context": null,
              "code": "(0, _productpageobj.filldetails)();",
              "err": {},
              "uuid": "461d4d28-08c0-4e62-b63a-bfc8b720b067",
              "parentUUID": "afb7b319-0d93-4624-8d14-fae789a4d848",
              "isHook": false,
              "skipped": false
            }
          ],
          "suites": [],
          "passes": [
            "461d4d28-08c0-4e62-b63a-bfc8b720b067"
          ],
          "failures": [],
          "pending": [],
          "skipped": [],
          "duration": 22313,
          "root": false,
          "rootEmpty": false,
          "_timeout": 2000
        }
      ],
      "passes": [],
      "failures": [],
      "pending": [],
      "skipped": [],
      "duration": 0,
      "root": true,
      "rootEmpty": true,
      "_timeout": 2000
    }
  ],
  "meta": {
    "mocha": {
      "version": "7.0.1"
    },
    "mochawesome": {
      "options": {
        "quiet": false,
        "reportFilename": "mochawesome",
        "saveHtml": true,
        "saveJson": true,
        "consoleReporter": "spec",
        "useInlineDiffs": false,
        "code": true
      },
      "version": "7.1.3"
    },
    "marge": {
      "options": {
        "id": "default",
        "reportDir": "cypress/reports/mocha",
        "quite": true,
        "overwrite": false,
        "html": true,
        "json": true
      },
      "version": "6.2.0"
    }
  }
}