{
  "stats": {
    "suites": 1,
    "tests": 1,
    "passes": 1,
    "pending": 0,
    "failures": 0,
    "start": "2022-08-24T03:06:26.111Z",
    "end": "2022-08-24T03:06:57.558Z",
    "duration": 31447,
    "testsRegistered": 1,
    "passPercent": 100,
    "pendingPercent": 0,
    "other": 0,
    "hasOther": false,
    "skipped": 0,
    "hasSkipped": false
  },
  "results": [
    {
      "uuid": "4a9ad025-0833-4d9f-b0e0-1955904a2f9d",
      "title": "",
      "fullFile": "cypress\\e2e\\filldetails.cy.js",
      "file": "cypress\\e2e\\filldetails.cy.js",
      "beforeHooks": [],
      "afterHooks": [],
      "tests": [],
      "suites": [
        {
          "uuid": "78d28968-2efa-4488-a9af-2b9497f7d4d1",
          "title": "Enter details",
          "fullFile": "",
          "file": "",
          "beforeHooks": [],
          "afterHooks": [],
          "tests": [
            {
              "title": "Fill details",
              "fullTitle": "Enter details Fill details",
              "timedOut": null,
              "duration": 31324,
              "state": "passed",
              "speed": "slow",
              "pass": true,
              "fail": false,
              "pending": false,
              "context": null,
              "code": "cy.visit('/');\n(0, _productpageobj.filldetails)();",
              "err": {},
              "uuid": "06d68dc9-5ba7-4d5f-9eb4-4a85a1c1c2a8",
              "parentUUID": "78d28968-2efa-4488-a9af-2b9497f7d4d1",
              "isHook": false,
              "skipped": false
            }
          ],
          "suites": [],
          "passes": [
            "06d68dc9-5ba7-4d5f-9eb4-4a85a1c1c2a8"
          ],
          "failures": [],
          "pending": [],
          "skipped": [],
          "duration": 31324,
          "root": false,
          "rootEmpty": false,
          "_timeout": 2000
        }
      ],
      "passes": [],
      "failures": [],
      "pending": [],
      "skipped": [],
      "duration": 0,
      "root": true,
      "rootEmpty": true,
      "_timeout": 2000
    }
  ],
  "meta": {
    "mocha": {
      "version": "7.0.1"
    },
    "mochawesome": {
      "options": {
        "quiet": false,
        "reportFilename": "mochawesome",
        "saveHtml": true,
        "saveJson": true,
        "consoleReporter": "spec",
        "useInlineDiffs": false,
        "code": true
      },
      "version": "7.1.3"
    },
    "marge": {
      "options": {
        "id": "default",
        "reportDir": "cypress/reports/mocha",
        "quite": true,
        "overwrite": false,
        "html": true,
        "json": true
      },
      "version": "6.2.0"
    }
  }
}