{
  "stats": {
    "suites": 1,
    "tests": 1,
    "passes": 1,
    "pending": 0,
    "failures": 0,
    "start": "2022-08-24T05:44:08.739Z",
    "end": "2022-08-24T05:44:33.532Z",
    "duration": 24793,
    "testsRegistered": 1,
    "passPercent": 100,
    "pendingPercent": 0,
    "other": 0,
    "hasOther": false,
    "skipped": 0,
    "hasSkipped": false
  },
  "results": [
    {
      "uuid": "49dd16c1-953c-468a-9c53-e7bffef83dd1",
      "title": "",
      "fullFile": "cypress\\e2e\\filldetails.cy.js",
      "file": "cypress\\e2e\\filldetails.cy.js",
      "beforeHooks": [],
      "afterHooks": [],
      "tests": [],
      "suites": [
        {
          "uuid": "cef22218-0052-4327-8f45-01cb30069b87",
          "title": "Enter details",
          "fullFile": "",
          "file": "",
          "beforeHooks": [],
          "afterHooks": [],
          "tests": [
            {
              "title": "Fill details",
              "fullTitle": "Enter details Fill details",
              "timedOut": null,
              "duration": 24675,
              "state": "passed",
              "speed": "slow",
              "pass": true,
              "fail": false,
              "pending": false,
              "context": null,
              "code": "cy.visit('/');\n(0, _productpageobj.filldetails)();",
              "err": {},
              "uuid": "a8832fce-85aa-4bce-abf6-ce39707bcd96",
              "parentUUID": "cef22218-0052-4327-8f45-01cb30069b87",
              "isHook": false,
              "skipped": false
            }
          ],
          "suites": [],
          "passes": [
            "a8832fce-85aa-4bce-abf6-ce39707bcd96"
          ],
          "failures": [],
          "pending": [],
          "skipped": [],
          "duration": 24675,
          "root": false,
          "rootEmpty": false,
          "_timeout": 2000
        }
      ],
      "passes": [],
      "failures": [],
      "pending": [],
      "skipped": [],
      "duration": 0,
      "root": true,
      "rootEmpty": true,
      "_timeout": 2000
    }
  ],
  "meta": {
    "mocha": {
      "version": "7.0.1"
    },
    "mochawesome": {
      "options": {
        "quiet": false,
        "reportFilename": "mochawesome",
        "saveHtml": true,
        "saveJson": true,
        "consoleReporter": "spec",
        "useInlineDiffs": false,
        "code": true
      },
      "version": "7.1.3"
    },
    "marge": {
      "options": {
        "id": "default",
        "reportDir": "cypress/reports/mocha",
        "quite": true,
        "overwrite": true,
        "html": true,
        "json": true
      },
      "version": "6.2.0"
    }
  }
}